0 info it worked if it ends with ok
1 verbose cli [ '/Users/ychang/.nvm/versions/node/v6.11.4/bin/node',
1 verbose cli   '/Users/ychang/.nvm/versions/node/v6.11.4/bin/npm',
1 verbose cli   'run',
1 verbose cli   'coveralls' ]
2 info using npm@3.10.10
3 info using node@v6.11.4
4 verbose run-script [ 'precoveralls', 'coveralls', 'postcoveralls' ]
5 info lifecycle generator-ibm-usecase-enablement@3.2.2~precoveralls: generator-ibm-usecase-enablement@3.2.2
6 silly lifecycle generator-ibm-usecase-enablement@3.2.2~precoveralls: no script for precoveralls, continuing
7 info lifecycle generator-ibm-usecase-enablement@3.2.2~coveralls: generator-ibm-usecase-enablement@3.2.2
8 verbose lifecycle generator-ibm-usecase-enablement@3.2.2~coveralls: unsafe-perm in lifecycle true
9 verbose lifecycle generator-ibm-usecase-enablement@3.2.2~coveralls: PATH: /Users/ychang/.nvm/versions/node/v6.11.4/lib/node_modules/npm/bin/node-gyp-bin:/Users/ychang/Projects/NodeJS/GENERATORS/generator-ibm-usecase-enablement/node_modules/.bin:/Users/ychang/Projects/Loaner/apache-maven-3.5.2/bin:/Users/ychang/.pyenv/plugins/pyenv-virtualenv/shims:/Users/ychang/.pyenv/shims:/Users/ychang/.pyenv/bin:/Users/ychang/.swiftenv/shims:/Users/ychang/.swiftenv/bin:/Users/ychang/.nvm/versions/node/v6.11.4/bin:/usr/local/bin:/usr/bin:/bin:/usr/sbin:/sbin
10 verbose lifecycle generator-ibm-usecase-enablement@3.2.2~coveralls: CWD: /Users/ychang/Projects/NodeJS/GENERATORS/generator-ibm-usecase-enablement
11 silly lifecycle generator-ibm-usecase-enablement@3.2.2~coveralls: Args: [ '-c', 'nyc report --reporter=text-lcov | coveralls' ]
12 silly lifecycle generator-ibm-usecase-enablement@3.2.2~coveralls: Returned: code: 1  signal: null
13 info lifecycle generator-ibm-usecase-enablement@3.2.2~coveralls: Failed to exec coveralls script
14 verbose stack Error: generator-ibm-usecase-enablement@3.2.2 coveralls: `nyc report --reporter=text-lcov | coveralls`
14 verbose stack Exit status 1
14 verbose stack     at EventEmitter.<anonymous> (/Users/ychang/.nvm/versions/node/v6.11.4/lib/node_modules/npm/lib/utils/lifecycle.js:255:16)
14 verbose stack     at emitTwo (events.js:106:13)
14 verbose stack     at EventEmitter.emit (events.js:191:7)
14 verbose stack     at ChildProcess.<anonymous> (/Users/ychang/.nvm/versions/node/v6.11.4/lib/node_modules/npm/lib/utils/spawn.js:40:14)
14 verbose stack     at emitTwo (events.js:106:13)
14 verbose stack     at ChildProcess.emit (events.js:191:7)
14 verbose stack     at maybeClose (internal/child_process.js:920:16)
14 verbose stack     at Process.ChildProcess._handle.onexit (internal/child_process.js:230:5)
15 verbose pkgid generator-ibm-usecase-enablement@3.2.2
16 verbose cwd /Users/ychang/Projects/NodeJS/GENERATORS/generator-ibm-usecase-enablement
17 error Darwin 17.6.0
18 error argv "/Users/ychang/.nvm/versions/node/v6.11.4/bin/node" "/Users/ychang/.nvm/versions/node/v6.11.4/bin/npm" "run" "coveralls"
19 error node v6.11.4
20 error npm  v3.10.10
21 error code ELIFECYCLE
22 error generator-ibm-usecase-enablement@3.2.2 coveralls: `nyc report --reporter=text-lcov | coveralls`
22 error Exit status 1
23 error Failed at the generator-ibm-usecase-enablement@3.2.2 coveralls script 'nyc report --reporter=text-lcov | coveralls'.
23 error Make sure you have the latest version of node.js and npm installed.
23 error If you do, this is most likely a problem with the generator-ibm-usecase-enablement package,
23 error not with npm itself.
23 error Tell the author that this fails on your system:
23 error     nyc report --reporter=text-lcov | coveralls
23 error You can get information on how to open an issue for this project with:
23 error     npm bugs generator-ibm-usecase-enablement
23 error Or if that isn't available, you can get their info via:
23 error     npm owner ls generator-ibm-usecase-enablement
23 error There is likely additional logging output above.
24 verbose exit [ 1, true ]
